[34m@planetfall/web:build[0m: cache hit, replaying output [2m755a820ceb776e73[0m
[34m@planetfall/web:build: [0m
[34m@planetfall/web:build: [0m> @planetfall/web@0.1.0 build /Users/andreasthomas/github/chronark/planetfall/svc/web
[34m@planetfall/web:build: [0m> next build
[34m@planetfall/web:build: [0m
[34m@planetfall/web:build: [0minfo  - Loaded env from /Users/andreasthomas/github/chronark/planetfall/svc/web/.env
[34m@planetfall/web:build: [0mwarn  - Invalid next.config.js options detected: 
[34m@planetfall/web:build: [0m  - The value at .experimental has an unexpected property, images, which is not in the list of allowed properties (adjustFontFallbacks, amp, appDir, browsersListForSwc, cpus, craCompat, disableOptimizedLoading, disablePostcssPresetEnv, esmExternals, externalDir, fallbackNodePolyfills, forceSwcTransforms, fullySpecified, gzipSize, incrementalCacheHandlerPath, isrFlushToDisk, isrMemoryCacheSize, largePageDataBytes, legacyBrowsers, manualClientBasePath, modularizeImports, newNextLinkBehavior, nextScriptWorkers, optimizeCss, optimisticClientCache, outputFileTracingRoot, pageEnv, profiling, proxyTimeout, runtime, scrollRestoration, serverComponents, sharedPool, sri, swcFileReading, swcMinify, swcMinifyDebugOptions, swcPlugins, swcTraceProfiling, urlImports, workerThreads).
[34m@planetfall/web:build: [0m
[34m@planetfall/web:build: [0mSee more info here: https://nextjs.org/docs/messages/invalid-next-config
[34m@planetfall/web:build: [0mwarn  - You have enabled experimental features (newNextLinkBehavior, scrollRestoration, images) in next.config.js.
[34m@planetfall/web:build: [0mwarn  - Experimental features are not covered by semver, and may cause unexpected or broken application behavior. Use at your own risk.
[34m@planetfall/web:build: [0m
[34m@planetfall/web:build: [0minfo  - Linting and checking validity of types...
[34m@planetfall/web:build: [0minfo  - Creating an optimized production build...
[34m@planetfall/web:build: [0minfo  - Compiled successfully
[34m@planetfall/web:build: [0minfo  - Collecting page data...
[34m@planetfall/web:build: [0mWarning: You have opted-out of Automatic Static Optimization due to `getInitialProps` in `pages/_app`. This does not opt-out pages with `getStaticProps`
[34m@planetfall/web:build: [0mRead more: https://nextjs.org/docs/messages/opt-out-auto-static-optimization
[34m@planetfall/web:build: [0m
[34m@planetfall/web:build: [0mRoute (pages)                              Size     First Load JS
[34m@planetfall/web:build: [0m┌   /_app                                  0 B             110 kB
[34m@planetfall/web:build: [0m├ λ /404                                   182 B           110 kB
[34m@planetfall/web:build: [0m├ λ /api/hello                             0 B             110 kB
[34m@planetfall/web:build: [0m├ λ /api/v1/trpc/[trpc]                    0 B             110 kB
[34m@planetfall/web:build: [0m├ λ /app                                   346 B           110 kB
[34m@planetfall/web:build: [0m└ λ /landing                               11.5 kB         122 kB
[34m@planetfall/web:build: [0m+ First Load JS shared by all              116 kB
[34m@planetfall/web:build: [0m  ├ chunks/framework-ceb470d8f68752fc.js   45.5 kB
[34m@planetfall/web:build: [0m  ├ chunks/main-c3fa404cd6e98781.js        31.3 kB
[34m@planetfall/web:build: [0m  ├ chunks/pages/_app-82a7b3b0facd20c4.js  32.4 kB
[34m@planetfall/web:build: [0m  ├ chunks/webpack-ee7e63bc15b31913.js     815 B
[34m@planetfall/web:build: [0m  └ css/83218d95fc840ff2.css               5.77 kB
[34m@planetfall/web:build: [0m
[34m@planetfall/web:build: [0mƒ Middleware                               21 kB
[34m@planetfall/web:build: [0m
[34m@planetfall/web:build: [0mλ  (Server)  server-side renders at runtime (uses getInitialProps or getServerSideProps)
[34m@planetfall/web:build: [0m
